android/app/build/intermediates/manifest_merge_blame_file/debug/manifest-merger-blame-debug-report.txt
1<?xml version="1.0" encoding="utf-8"?>
2<manifest xmlns:android="http://schemas.android.com/apk/res/android"
3    package="com.example.socialdiary_project"
4    android:versionCode="1"
5    android:versionName="1.0.0" >
6
7    <uses-sdk
8        android:minSdkVersion="21"
9        android:targetSdkVersion="34" />
10    <!--
11         The INTERNET permission is required for development. Specifically,
12         the Flutter tool needs it to communicate with the running application
13         to allow setting breakpoints, to provide hot reload, etc.
14    -->
15    <uses-permission android:name="android.permission.INTERNET" />
15-->src\debug\AndroidManifest.xml:6:5-66
15-->src\debug\AndroidManifest.xml:6:22-64
16    <!--
17     Required to query activities that can process text, see:
18         https://developer.android.com/training/package-visibility?hl=en and
19         https://developer.android.com/reference/android/content/Intent#ACTION_PROCESS_TEXT.
20
21         In particular, this is used by the Flutter engine in io.flutter.plugin.text.ProcessTextPlugin.
22    -->
23    <queries>
23-->src\main\AndroidManifest.xml:38:5-43:15
24        <intent>
24-->src\main\AndroidManifest.xml:39:9-42:18
25            <action android:name="android.intent.action.PROCESS_TEXT" />
25-->src\main\AndroidManifest.xml:40:13-72
25-->src\main\AndroidManifest.xml:40:21-70
26
27            <data android:mimeType="text/plain" />
27-->src\main\AndroidManifest.xml:41:13-50
27-->src\main\AndroidManifest.xml:41:19-48
28        </intent>
29        <!-- Needs to be explicitly declared on Android R+ -->
30        <package android:name="com.google.android.apps.maps" />
30-->[com.google.android.gms:play-services-maps:18.2.0] AndroidManifest.xml:33:9-64
30-->[com.google.android.gms:play-services-maps:18.2.0] AndroidManifest.xml:33:18-61
31    </queries>
32
33    <uses-permission android:name="android.permission.ACCESS_NETWORK_STATE" />
33-->[com.google.firebase:firebase-auth:22.3.0] AndroidManifest.xml:26:5-79
33-->[com.google.firebase:firebase-auth:22.3.0] AndroidManifest.xml:26:22-76
34
35    <uses-feature
35-->[com.google.android.gms:play-services-maps:18.2.0] AndroidManifest.xml:26:5-28:35
36        android:glEsVersion="0x00020000"
36-->[com.google.android.gms:play-services-maps:18.2.0] AndroidManifest.xml:27:9-41
37        android:required="true" />
37-->[com.google.android.gms:play-services-maps:18.2.0] AndroidManifest.xml:28:9-32
38
39    <permission
39-->[androidx.core:core:1.13.1] AndroidManifest.xml:22:5-24:47
40        android:name="com.example.socialdiary_project.DYNAMIC_RECEIVER_NOT_EXPORTED_PERMISSION"
40-->[androidx.core:core:1.13.1] AndroidManifest.xml:23:9-81
41        android:protectionLevel="signature" />
41-->[androidx.core:core:1.13.1] AndroidManifest.xml:24:9-44
42
43    <uses-permission android:name="com.example.socialdiary_project.DYNAMIC_RECEIVER_NOT_EXPORTED_PERMISSION" />
43-->[androidx.core:core:1.13.1] AndroidManifest.xml:26:5-97
43-->[androidx.core:core:1.13.1] AndroidManifest.xml:26:22-94
44
45    <application
46        android:name="android.app.Application"
47        android:appComponentFactory="androidx.core.app.CoreComponentFactory"
47-->[androidx.core:core:1.13.1] AndroidManifest.xml:28:18-86
48        android:debuggable="true"
49        android:icon="@mipmap/ic_launcher"
50        android:label="socialdiary_project" >
51        <activity
52            android:name="com.example.socialdiary_project.MainActivity"
53            android:configChanges="orientation|keyboardHidden|keyboard|screenSize|smallestScreenSize|locale|layoutDirection|fontScale|screenLayout|density|uiMode"
54            android:exported="true"
55            android:hardwareAccelerated="true"
56            android:launchMode="singleTop"
57            android:theme="@style/LaunchTheme"
58            android:windowSoftInputMode="adjustResize" >
59
60            <!--
61                 Specifies an Android theme to apply to this Activity as soon as
62                 the Android process has started. This theme is visible to the user
63                 while the Flutter UI initializes. After that, this theme continues
64                 to determine the Window background behind the Flutter UI.
65            -->
66            <meta-data
67                android:name="io.flutter.embedding.android.NormalTheme"
68                android:resource="@style/NormalTheme" />
69
70            <intent-filter>
71                <action android:name="android.intent.action.MAIN" />
72
73                <category android:name="android.intent.category.LAUNCHER" />
74            </intent-filter>
75        </activity>
76        <!--
77             Don't delete the meta-data below.
78             This is used by the Flutter tool to generate GeneratedPluginRegistrant.java
79        -->
80        <meta-data
81            android:name="flutterEmbedding"
82            android:value="2" />
83
84        <service
84-->[:firebase_auth] AndroidManifest.xml:10:9-14:19
85            android:name="com.google.firebase.components.ComponentDiscoveryService"
85-->[:firebase_auth] AndroidManifest.xml:10:18-89
86            android:directBootAware="true"
86-->[com.google.firebase:firebase-common:20.4.2] AndroidManifest.xml:32:13-43
87            android:exported="false" >
87-->[com.google.firebase:firebase-auth:22.3.0] AndroidManifest.xml:68:13-37
88            <meta-data
88-->[:firebase_auth] AndroidManifest.xml:11:13-13:85
89                android:name="com.google.firebase.components:io.flutter.plugins.firebase.auth.FlutterFirebaseAuthRegistrar"
89-->[:firebase_auth] AndroidManifest.xml:12:17-124
90                android:value="com.google.firebase.components.ComponentRegistrar" />
90-->[:firebase_auth] AndroidManifest.xml:13:17-82
91            <meta-data
91-->[:firebase_core] AndroidManifest.xml:11:13-13:85
92                android:name="com.google.firebase.components:io.flutter.plugins.firebase.core.FlutterFirebaseCoreRegistrar"
92-->[:firebase_core] AndroidManifest.xml:12:17-124
93                android:value="com.google.firebase.components.ComponentRegistrar" />
93-->[:firebase_core] AndroidManifest.xml:13:17-82
94            <meta-data
94-->[com.google.firebase:firebase-auth:22.3.0] AndroidManifest.xml:69:13-71:85
95                android:name="com.google.firebase.components:com.google.firebase.auth.FirebaseAuthRegistrar"
95-->[com.google.firebase:firebase-auth:22.3.0] AndroidManifest.xml:70:17-109
96                android:value="com.google.firebase.components.ComponentRegistrar" />
96-->[com.google.firebase:firebase-auth:22.3.0] AndroidManifest.xml:71:17-82
97            <meta-data
97-->[com.google.firebase:firebase-common-ktx:20.4.2] AndroidManifest.xml:12:13-14:85
98                android:name="com.google.firebase.components:com.google.firebase.ktx.FirebaseCommonLegacyRegistrar"
98-->[com.google.firebase:firebase-common-ktx:20.4.2] AndroidManifest.xml:13:17-116
99                android:value="com.google.firebase.components.ComponentRegistrar" />
99-->[com.google.firebase:firebase-common-ktx:20.4.2] AndroidManifest.xml:14:17-82
100            <meta-data
100-->[com.google.firebase:firebase-common:20.4.2] AndroidManifest.xml:35:13-37:85
101                android:name="com.google.firebase.components:com.google.firebase.FirebaseCommonKtxRegistrar"
101-->[com.google.firebase:firebase-common:20.4.2] AndroidManifest.xml:36:17-109
102                android:value="com.google.firebase.components.ComponentRegistrar" />
102-->[com.google.firebase:firebase-common:20.4.2] AndroidManifest.xml:37:17-82
103        </service>
104
105        <provider
105-->[:image_picker_android] AndroidManifest.xml:11:9-19:20
106            android:name="io.flutter.plugins.imagepicker.ImagePickerFileProvider"
106-->[:image_picker_android] AndroidManifest.xml:12:13-82
107            android:authorities="com.example.socialdiary_project.flutter.image_provider"
107-->[:image_picker_android] AndroidManifest.xml:13:13-74
108            android:exported="false"
108-->[:image_picker_android] AndroidManifest.xml:14:13-37
109            android:grantUriPermissions="true" >
109-->[:image_picker_android] AndroidManifest.xml:15:13-47
110            <meta-data
110-->[:image_picker_android] AndroidManifest.xml:16:13-18:75
111                android:name="android.support.FILE_PROVIDER_PATHS"
111-->[:image_picker_android] AndroidManifest.xml:17:17-67
112                android:resource="@xml/flutter_image_picker_file_paths" />
112-->[:image_picker_android] AndroidManifest.xml:18:17-72
113        </provider> <!-- Trigger Google Play services to install the backported photo picker module. -->
114        <service
114-->[:image_picker_android] AndroidManifest.xml:21:9-33:19
115            android:name="com.google.android.gms.metadata.ModuleDependencies"
115-->[:image_picker_android] AndroidManifest.xml:22:13-78
116            android:enabled="false"
116-->[:image_picker_android] AndroidManifest.xml:23:13-36
117            android:exported="false" >
117-->[:image_picker_android] AndroidManifest.xml:24:13-37
118            <intent-filter>
118-->[:image_picker_android] AndroidManifest.xml:26:13-28:29
119                <action android:name="com.google.android.gms.metadata.MODULE_DEPENDENCIES" />
119-->[:image_picker_android] AndroidManifest.xml:27:17-94
119-->[:image_picker_android] AndroidManifest.xml:27:25-91
120            </intent-filter>
121
122            <meta-data
122-->[:image_picker_android] AndroidManifest.xml:30:13-32:36
123                android:name="photopicker_activity:0:required"
123-->[:image_picker_android] AndroidManifest.xml:31:17-63
124                android:value="" />
124-->[:image_picker_android] AndroidManifest.xml:32:17-33
125        </service>
126        <service
126-->[:geolocator_android] AndroidManifest.xml:10:9-14:56
127            android:name="com.baseflow.geolocator.GeolocatorLocationService"
127-->[:geolocator_android] AndroidManifest.xml:11:13-77
128            android:enabled="true"
128-->[:geolocator_android] AndroidManifest.xml:12:13-35
129            android:exported="false"
129-->[:geolocator_android] AndroidManifest.xml:13:13-37
130            android:foregroundServiceType="location" />
130-->[:geolocator_android] AndroidManifest.xml:14:13-53
131
132        <activity
132-->[com.google.firebase:firebase-auth:22.3.0] AndroidManifest.xml:29:9-46:20
133            android:name="com.google.firebase.auth.internal.GenericIdpActivity"
133-->[com.google.firebase:firebase-auth:22.3.0] AndroidManifest.xml:30:13-80
134            android:excludeFromRecents="true"
134-->[com.google.firebase:firebase-auth:22.3.0] AndroidManifest.xml:31:13-46
135            android:exported="true"
135-->[com.google.firebase:firebase-auth:22.3.0] AndroidManifest.xml:32:13-36
136            android:launchMode="singleTask"
136-->[com.google.firebase:firebase-auth:22.3.0] AndroidManifest.xml:33:13-44
137            android:theme="@android:style/Theme.Translucent.NoTitleBar" >
137-->[com.google.firebase:firebase-auth:22.3.0] AndroidManifest.xml:34:13-72
138            <intent-filter>
138-->[com.google.firebase:firebase-auth:22.3.0] AndroidManifest.xml:35:13-45:29
139                <action android:name="android.intent.action.VIEW" />
139-->[com.google.firebase:firebase-auth:22.3.0] AndroidManifest.xml:36:17-69
139-->[com.google.firebase:firebase-auth:22.3.0] AndroidManifest.xml:36:25-66
140
141                <category android:name="android.intent.category.DEFAULT" />
141-->[com.google.firebase:firebase-auth:22.3.0] AndroidManifest.xml:38:17-76
141-->[com.google.firebase:firebase-auth:22.3.0] AndroidManifest.xml:38:27-73
142                <category android:name="android.intent.category.BROWSABLE" />
142-->[com.google.firebase:firebase-auth:22.3.0] AndroidManifest.xml:39:17-78
142-->[com.google.firebase:firebase-auth:22.3.0] AndroidManifest.xml:39:27-75
143
144                <data
144-->src\main\AndroidManifest.xml:41:13-50
145                    android:host="firebase.auth"
146                    android:path="/"
147                    android:scheme="genericidp" />
148            </intent-filter>
149        </activity>
150        <activity
150-->[com.google.firebase:firebase-auth:22.3.0] AndroidManifest.xml:47:9-64:20
151            android:name="com.google.firebase.auth.internal.RecaptchaActivity"
151-->[com.google.firebase:firebase-auth:22.3.0] AndroidManifest.xml:48:13-79
152            android:excludeFromRecents="true"
152-->[com.google.firebase:firebase-auth:22.3.0] AndroidManifest.xml:49:13-46
153            android:exported="true"
153-->[com.google.firebase:firebase-auth:22.3.0] AndroidManifest.xml:50:13-36
154            android:launchMode="singleTask"
154-->[com.google.firebase:firebase-auth:22.3.0] AndroidManifest.xml:51:13-44
155            android:theme="@android:style/Theme.Translucent.NoTitleBar" >
155-->[com.google.firebase:firebase-auth:22.3.0] AndroidManifest.xml:52:13-72
156            <intent-filter>
156-->[com.google.firebase:firebase-auth:22.3.0] AndroidManifest.xml:53:13-63:29
157                <action android:name="android.intent.action.VIEW" />
157-->[com.google.firebase:firebase-auth:22.3.0] AndroidManifest.xml:36:17-69
157-->[com.google.firebase:firebase-auth:22.3.0] AndroidManifest.xml:36:25-66
158
159                <category android:name="android.intent.category.DEFAULT" />
159-->[com.google.firebase:firebase-auth:22.3.0] AndroidManifest.xml:38:17-76
159-->[com.google.firebase:firebase-auth:22.3.0] AndroidManifest.xml:38:27-73
160                <category android:name="android.intent.category.BROWSABLE" />
160-->[com.google.firebase:firebase-auth:22.3.0] AndroidManifest.xml:39:17-78
160-->[com.google.firebase:firebase-auth:22.3.0] AndroidManifest.xml:39:27-75
161
162                <data
162-->src\main\AndroidManifest.xml:41:13-50
163                    android:host="firebase.auth"
164                    android:path="/"
165                    android:scheme="recaptcha" />
166            </intent-filter>
167        </activity>
168
169        <uses-library
169-->[androidx.window:window:1.0.0-beta04] AndroidManifest.xml:25:9-27:40
170            android:name="androidx.window.extensions"
170-->[androidx.window:window:1.0.0-beta04] AndroidManifest.xml:26:13-54
171            android:required="false" />
171-->[androidx.window:window:1.0.0-beta04] AndroidManifest.xml:27:13-37
172        <uses-library
172-->[androidx.window:window:1.0.0-beta04] AndroidManifest.xml:28:9-30:40
173            android:name="androidx.window.sidecar"
173-->[androidx.window:window:1.0.0-beta04] AndroidManifest.xml:29:13-51
174            android:required="false" />
174-->[androidx.window:window:1.0.0-beta04] AndroidManifest.xml:30:13-37
175
176        <provider
176-->[com.google.firebase:firebase-common:20.4.2] AndroidManifest.xml:23:9-28:39
177            android:name="com.google.firebase.provider.FirebaseInitProvider"
177-->[com.google.firebase:firebase-common:20.4.2] AndroidManifest.xml:24:13-77
178            android:authorities="com.example.socialdiary_project.firebaseinitprovider"
178-->[com.google.firebase:firebase-common:20.4.2] AndroidManifest.xml:25:13-72
179            android:directBootAware="true"
179-->[com.google.firebase:firebase-common:20.4.2] AndroidManifest.xml:26:13-43
180            android:exported="false"
180-->[com.google.firebase:firebase-common:20.4.2] AndroidManifest.xml:27:13-37
181            android:initOrder="100" /> <!-- Needs to be explicitly declared on P+ -->
181-->[com.google.firebase:firebase-common:20.4.2] AndroidManifest.xml:28:13-36
182        <uses-library
182-->[com.google.android.gms:play-services-maps:18.2.0] AndroidManifest.xml:39:9-41:40
183            android:name="org.apache.http.legacy"
183-->[com.google.android.gms:play-services-maps:18.2.0] AndroidManifest.xml:40:13-50
184            android:required="false" />
184-->[com.google.android.gms:play-services-maps:18.2.0] AndroidManifest.xml:41:13-37
185
186        <activity
186-->[com.google.android.gms:play-services-base:18.3.0] AndroidManifest.xml:20:9-22:45
187            android:name="com.google.android.gms.common.api.GoogleApiActivity"
187-->[com.google.android.gms:play-services-base:18.3.0] AndroidManifest.xml:20:19-85
188            android:exported="false"
188-->[com.google.android.gms:play-services-base:18.3.0] AndroidManifest.xml:22:19-43
189            android:theme="@android:style/Theme.Translucent.NoTitleBar" />
189-->[com.google.android.gms:play-services-base:18.3.0] AndroidManifest.xml:21:19-78
190
191        <meta-data
191-->[com.google.android.gms:play-services-basement:18.3.0] AndroidManifest.xml:21:9-23:69
192            android:name="com.google.android.gms.version"
192-->[com.google.android.gms:play-services-basement:18.3.0] AndroidManifest.xml:22:13-58
193            android:value="@integer/google_play_services_version" />
193-->[com.google.android.gms:play-services-basement:18.3.0] AndroidManifest.xml:23:13-66
194
195        <provider
195-->[androidx.profileinstaller:profileinstaller:1.3.1] AndroidManifest.xml:24:9-32:20
196            android:name="androidx.startup.InitializationProvider"
196-->[androidx.profileinstaller:profileinstaller:1.3.1] AndroidManifest.xml:25:13-67
197            android:authorities="com.example.socialdiary_project.androidx-startup"
197-->[androidx.profileinstaller:profileinstaller:1.3.1] AndroidManifest.xml:26:13-68
198            android:exported="false" >
198-->[androidx.profileinstaller:profileinstaller:1.3.1] AndroidManifest.xml:27:13-37
199            <meta-data
199-->[androidx.profileinstaller:profileinstaller:1.3.1] AndroidManifest.xml:29:13-31:52
200                android:name="androidx.profileinstaller.ProfileInstallerInitializer"
200-->[androidx.profileinstaller:profileinstaller:1.3.1] AndroidManifest.xml:30:17-85
201                android:value="androidx.startup" />
201-->[androidx.profileinstaller:profileinstaller:1.3.1] AndroidManifest.xml:31:17-49
202        </provider>
203
204        <receiver
204-->[androidx.profileinstaller:profileinstaller:1.3.1] AndroidManifest.xml:34:9-52:20
205            android:name="androidx.profileinstaller.ProfileInstallReceiver"
205-->[androidx.profileinstaller:profileinstaller:1.3.1] AndroidManifest.xml:35:13-76
206            android:directBootAware="false"
206-->[androidx.profileinstaller:profileinstaller:1.3.1] AndroidManifest.xml:36:13-44
207            android:enabled="true"
207-->[androidx.profileinstaller:profileinstaller:1.3.1] AndroidManifest.xml:37:13-35
208            android:exported="true"
208-->[androidx.profileinstaller:profileinstaller:1.3.1] AndroidManifest.xml:38:13-36
209            android:permission="android.permission.DUMP" >
209-->[androidx.profileinstaller:profileinstaller:1.3.1] AndroidManifest.xml:39:13-57
210            <intent-filter>
210-->[androidx.profileinstaller:profileinstaller:1.3.1] AndroidManifest.xml:40:13-42:29
211                <action android:name="androidx.profileinstaller.action.INSTALL_PROFILE" />
211-->[androidx.profileinstaller:profileinstaller:1.3.1] AndroidManifest.xml:41:17-91
211-->[androidx.profileinstaller:profileinstaller:1.3.1] AndroidManifest.xml:41:25-88
212            </intent-filter>
213            <intent-filter>
213-->[androidx.profileinstaller:profileinstaller:1.3.1] AndroidManifest.xml:43:13-45:29
214                <action android:name="androidx.profileinstaller.action.SKIP_FILE" />
214-->[androidx.profileinstaller:profileinstaller:1.3.1] AndroidManifest.xml:44:17-85
214-->[androidx.profileinstaller:profileinstaller:1.3.1] AndroidManifest.xml:44:25-82
215            </intent-filter>
216            <intent-filter>
216-->[androidx.profileinstaller:profileinstaller:1.3.1] AndroidManifest.xml:46:13-48:29
217                <action android:name="androidx.profileinstaller.action.SAVE_PROFILE" />
217-->[androidx.profileinstaller:profileinstaller:1.3.1] AndroidManifest.xml:47:17-88
217-->[androidx.profileinstaller:profileinstaller:1.3.1] AndroidManifest.xml:47:25-85
218            </intent-filter>
219            <intent-filter>
219-->[androidx.profileinstaller:profileinstaller:1.3.1] AndroidManifest.xml:49:13-51:29
220                <action android:name="androidx.profileinstaller.action.BENCHMARK_OPERATION" />
220-->[androidx.profileinstaller:profileinstaller:1.3.1] AndroidManifest.xml:50:17-95
220-->[androidx.profileinstaller:profileinstaller:1.3.1] AndroidManifest.xml:50:25-92
221            </intent-filter>
222        </receiver>
223    </application>
224
225</manifest>